<?xml version="1.0" encoding="UTF-8"?>
<testng-results skipped="0" failed="0" ignored="0" total="1" passed="1">
  <reporter-output>
  </reporter-output>
  <suite name="Default suite" duration-ms="64" started-at="2022-11-16T11:47:06 IST" finished-at="2022-11-16T11:47:06 IST">
    <groups>
    </groups>
    <test name="Default test" duration-ms="64" started-at="2022-11-16T11:47:06 IST" finished-at="2022-11-16T11:47:06 IST">
      <class name="loginModule.TestId">
        <test-method status="PASS" signature="demo()[pri:0, instance:loginModule.TestId@2a742aa2]" name="demo" duration-ms="11" started-at="2022-11-16T11:47:06 IST" finished-at="2022-11-16T11:47:06 IST">
          <reporter-output>
          </reporter-output>
        </test-method> <!-- demo -->
      </class> <!-- loginModule.TestId -->
    </test> <!-- Default test -->
  </suite> <!-- Default suite -->
</testng-results>
